<?xml version="1.0" encoding="UTF-8"?>
<!-- Generated by org.testng.reporters.JUnitXMLReporter -->
<testsuite ignored="1" hostname="LAPTOP-7UAH2F9U" failures="0" tests="1" name="Test(failed)(failed)" time="2.831" errors="0" timestamp="2022-02-11T22:36:59 IST">
  <testcase classname="com.org.selenium.pom.framework.LoginTest" name="loginTest1" time="0.317"/>
  <testcase classname="com.org.selenium.pom.framework.LoginTest" name="loginTest" time="0.0">
    <ignored/>
  </testcase> <!-- loginTest -->
</testsuite> <!-- Test(failed)(failed) -->
